Release 14.5 - xst P.58f (nt64)
Copyright (c) 1995-2012 Xilinx, Inc.  All rights reserved.
--> Parameter TMPDIR set to xst/projnav.tmp


Total REAL time to Xst completion: 0.00 secs
Total CPU time to Xst completion: 0.07 secs
 
--> Parameter xsthdpdir set to xst


Total REAL time to Xst completion: 0.00 secs
Total CPU time to Xst completion: 0.07 secs
 
--> Reading design: ALU.prj

TABLE OF CONTENTS
  1) Synthesis Options Summary
  2) HDL Parsing
  3) HDL Elaboration
  4) HDL Synthesis
       4.1) HDL Synthesis Report
  5) Advanced HDL Synthesis
       5.1) Advanced HDL Synthesis Report
  6) Low Level Synthesis
  7) Partition Report
  8) Design Summary
       8.1) Primitive and Black Box Usage
       8.2) Device utilization summary
       8.3) Partition Resource Summary
       8.4) Timing Report
            8.4.1) Clock Information
            8.4.2) Asynchronous Control Signals Information
            8.4.3) Timing Summary
            8.4.4) Timing Details
            8.4.5) Cross Clock Domains Report


=========================================================================
*                      Synthesis Options Summary                        *
=========================================================================
---- Source Parameters
Input File Name                    : "ALU.prj"
Ignore Synthesis Constraint File   : NO

---- Target Parameters
Output File Name                   : "ALU"
Output Format                      : NGC
Target Device                      : xa7a100t-2I-csg324

---- Source Options
Top Module Name                    : ALU
Automatic FSM Extraction           : YES
FSM Encoding Algorithm             : Auto
Safe Implementation                : No
FSM Style                          : LUT
RAM Extraction                     : Yes
RAM Style                          : Auto
ROM Extraction                     : Yes
Shift Register Extraction          : YES
ROM Style                          : Auto
Resource Sharing                   : YES
Asynchronous To Synchronous        : NO
Shift Register Minimum Size        : 2
Use DSP Block                      : Auto
Automatic Register Balancing       : No

---- Target Options
LUT Combining                      : Auto
Reduce Control Sets                : Auto
Add IO Buffers                     : YES
Global Maximum Fanout              : 100000
Add Generic Clock Buffer(BUFG)     : 32
Register Duplication               : YES
Optimize Instantiated Primitives   : NO
Use Clock Enable                   : Auto
Use Synchronous Set                : Auto
Use Synchronous Reset              : Auto
Pack IO Registers into IOBs        : Auto
Equivalent register Removal        : YES

---- General Options
Optimization Goal                  : Speed
Optimization Effort                : 1
Power Reduction                    : NO
Keep Hierarchy                     : No
Netlist Hierarchy                  : As_Optimized
RTL Output                         : Yes
Global Optimization                : AllClockNets
Read Cores                         : YES
Write Timing Constraints           : NO
Cross Clock Analysis               : NO
Hierarchy Separator                : /
Bus Delimiter                      : <>
Case Specifier                     : Maintain
Slice Utilization Ratio            : 100
BRAM Utilization Ratio             : 100
DSP48 Utilization Ratio            : 100
Auto BRAM Packing                  : NO
Slice Utilization Ratio Delta      : 5

=========================================================================


=========================================================================
*                          HDL Parsing                                  *
=========================================================================
Parsing VHDL file "D:\Xilinix\Projects\SingleBitALU\mypackage.vhd" into library work
Parsing package <mypackage>.
Parsing package body <mypackage>.
Parsing VHDL file "D:\Xilinix\Projects\SingleBitALU\mux41.vhd" into library work
Parsing entity <mux41>.
Parsing architecture <Behavioral> of entity <mux41>.
Parsing VHDL file "D:\Xilinix\Projects\SingleBitALU\mux21.vhd" into library work
Parsing entity <mux21>.
Parsing architecture <Behavioral> of entity <mux21>.
Parsing VHDL file "D:\Xilinix\Projects\SingleBitALU\FullAdder.vhd" into library work
Parsing entity <FullAdder>.
Parsing architecture <Behavioral> of entity <fulladder>.
Parsing VHDL file "D:\Xilinix\Projects\SingleBitALU\SingleBitALU.vhd" into library work
Parsing entity <SingleBitALU>.
Parsing architecture <Behavioral> of entity <singlebitalu>.
WARNING:HDLCompiler:946 - "D:\Xilinix\Projects\SingleBitALU\SingleBitALU.vhd" Line 51: Actual for formal port bus1 is neither a static name nor a globally static expression
WARNING:HDLCompiler:946 - "D:\Xilinix\Projects\SingleBitALU\SingleBitALU.vhd" Line 52: Actual for formal port bus1 is neither a static name nor a globally static expression
Parsing VHDL file "D:\Xilinix\Projects\SingleBitALU\MSBALU.vhd" into library work
Parsing entity <MSBALU>.
Parsing architecture <Behavioral> of entity <msbalu>.
WARNING:HDLCompiler:946 - "D:\Xilinix\Projects\SingleBitALU\MSBALU.vhd" Line 54: Actual for formal port bus1 is neither a static name nor a globally static expression
WARNING:HDLCompiler:946 - "D:\Xilinix\Projects\SingleBitALU\MSBALU.vhd" Line 55: Actual for formal port bus1 is neither a static name nor a globally static expression
Parsing VHDL file "D:\Xilinix\Projects\SingleBitALU\FullALU.vhd" into library work
Parsing entity <ALU>.
Parsing architecture <Behavioral> of entity <alu>.

=========================================================================
*                            HDL Elaboration                            *
=========================================================================

Elaborating entity <ALU> (architecture <Behavioral>) from library <work>.

Elaborating entity <SingleBitALU> (architecture <Behavioral>) from library <work>.

Elaborating entity <mux21> (architecture <Behavioral>) from library <work>.

Elaborating entity <FullAdder> (architecture <Behavioral>) from library <work>.

Elaborating entity <mux41> (architecture <Behavioral>) from library <work>.

Elaborating entity <MSBALU> (architecture <Behavioral>) from library <work>.

=========================================================================
*                           HDL Synthesis                               *
=========================================================================

Synthesizing Unit <ALU>.
    Related source file is "D:\Xilinix\Projects\SingleBitALU\FullALU.vhd".
WARNING:Xst:647 - Input <cin> is never used. This port will be preserved and left unconnected if it belongs to a top-level block or it belongs to a sub-block and the hierarchy of this sub-block is preserved.
    Summary:
	no macro.
Unit <ALU> synthesized.

Synthesizing Unit <SingleBitALU>.
    Related source file is "D:\Xilinix\Projects\SingleBitALU\SingleBitALU.vhd".
    Summary:
	no macro.
Unit <SingleBitALU> synthesized.

Synthesizing Unit <mux21>.
    Related source file is "D:\Xilinix\Projects\SingleBitALU\mux21.vhd".
    Summary:
	inferred   1 Multiplexer(s).
Unit <mux21> synthesized.

Synthesizing Unit <FullAdder>.
    Related source file is "D:\Xilinix\Projects\SingleBitALU\FullAdder.vhd".
    Summary:
Unit <FullAdder> synthesized.

Synthesizing Unit <mux41>.
    Related source file is "D:\Xilinix\Projects\SingleBitALU\mux41.vhd".
WARNING:Xst:647 - Input <sel<3:2>> is never used. This port will be preserved and left unconnected if it belongs to a top-level block or it belongs to a sub-block and the hierarchy of this sub-block is preserved.
    Found 1-bit 4-to-1 multiplexer for signal <ou_bus0_MUX_9_o> created at line 41.
    Summary:
	inferred   1 Multiplexer(s).
Unit <mux41> synthesized.

Synthesizing Unit <MSBALU>.
    Related source file is "D:\Xilinix\Projects\SingleBitALU\MSBALU.vhd".
    Summary:
Unit <MSBALU> synthesized.

=========================================================================
HDL Synthesis Report

Macro Statistics
# Multiplexers                                         : 96
 1-bit 2-to-1 multiplexer                              : 64
 1-bit 4-to-1 multiplexer                              : 32
# Xors                                                 : 65
 1-bit xor2                                            : 65

=========================================================================

=========================================================================
*                       Advanced HDL Synthesis                          *
=========================================================================

WARNING:Xst - The specified part-type was not generated at build time. XST is loading the full part-type and will therefore consume more CPU and memory.
Loading device for application Rf_Device from file '7a100t.nph' in environment D:\Xilinix\14.5\ISE_DS\ISE\.
Loading device for application Rf_Device from file '7a100t.nph' in environment D:\Xilinix\14.5\ISE_DS\ISE\.

=========================================================================
Advanced HDL Synthesis Report

Macro Statistics
# Multiplexers                                         : 96
 1-bit 2-to-1 multiplexer                              : 64
 1-bit 4-to-1 multiplexer                              : 32
# Xors                                                 : 65
 1-bit xor2                                            : 65

=========================================================================

=========================================================================
*                         Low Level Synthesis                           *
=========================================================================

Optimizing unit <ALU> ...

Mapping all equations...
Building and optimizing final netlist ...
Found area constraint ratio of 100 (+ 5) on block ALU, actual ratio is 0.

Final Macro Processing ...

=========================================================================
Final Register Report

Found no macro
=========================================================================

=========================================================================
*                           Partition Report                            *
=========================================================================

Partition Implementation Status
-------------------------------

  No Partitions were found in this design.

-------------------------------

=========================================================================
*                            Design Summary                             *
=========================================================================

Top Level Output File Name         : ALU.ngc

Primitive and Black Box Usage:
------------------------------
# BELS                             : 105
#      LUT2                        : 31
#      LUT3                        : 1
#      LUT4                        : 2
#      LUT5                        : 17
#      LUT6                        : 54
# IO Buffers                       : 103
#      IBUF                        : 68
#      OBUF                        : 35

Device utilization summary:
---------------------------

Selected Device : xa7a100tcsg324-2i 


Slice Logic Utilization: 
 Number of Slice LUTs:                  105  out of  63400     0%  
    Number used as Logic:               105  out of  63400     0%  

Slice Logic Distribution: 
 Number of LUT Flip Flop pairs used:    105
   Number with an unused Flip Flop:     105  out of    105   100%  
   Number with an unused LUT:             0  out of    105     0%  
   Number of fully used LUT-FF pairs:     0  out of    105     0%  
   Number of unique control sets:         0

IO Utilization: 
 Number of IOs:                         104
 Number of bonded IOBs:                 103  out of    210    49%  

Specific Feature Utilization:

---------------------------
Partition Resource Summary:
---------------------------

  No Partitions were found in this design.

---------------------------


=========================================================================
Timing Report

NOTE: THESE TIMING NUMBERS ARE ONLY A SYNTHESIS ESTIMATE.
      FOR ACCURATE TIMING INFORMATION PLEASE REFER TO THE TRACE REPORT
      GENERATED AFTER PLACE-and-ROUTE.

Clock Information:
------------------
No clock signals found in this design

Asynchronous Control Signals Information:
----------------------------------------
No asynchronous control signals found in this design

Timing Summary:
---------------
Speed Grade: -2

   Minimum period: No path found
   Minimum input arrival time before clock: No path found
   Maximum output required time after clock: No path found
   Maximum combinational path delay: 13.993ns

Timing Details:
---------------
All values displayed in nanoseconds (ns)

=========================================================================
Timing constraint: Default path analysis
  Total number of paths / destination ports: 4266 / 35
-------------------------------------------------------------------------
Delay:               13.993ns (Levels of Logic = 21)
  Source:            aluop<2> (PAD)
  Destination:       zflag (PAD)

  Data Path: aluop<2> to zflag
                                Gate     Net
    Cell:in->out      fanout   Delay   Delay  Logical Name (Net Name)
    ----------------------------------------  ------------
     IBUF:I->O            52   0.001   0.877  aluop_2_IBUF (aluop_2_IBUF)
     LUT6:I1->O            3   0.097   0.628  ALU2/FA/Cout1 (CO<1>)
     LUT6:I2->O            3   0.097   0.628  ALU4/FA/Cout1 (CO<3>)
     LUT6:I2->O            3   0.097   0.628  ALU6/FA/Cout1 (CO<5>)
     LUT6:I2->O            3   0.097   0.628  ALU8/FA/Cout1 (CO<7>)
     LUT6:I2->O            3   0.097   0.628  ALU10/FA/Cout1 (CO<9>)
     LUT6:I2->O            3   0.097   0.628  ALU12/FA/Cout1 (CO<11>)
     LUT6:I2->O            3   0.097   0.628  ALU14/FA/Cout1 (CO<13>)
     LUT6:I2->O            3   0.097   0.628  ALU16/FA/Cout1 (CO<15>)
     LUT6:I2->O            3   0.097   0.628  ALU18/FA/Cout1 (CO<17>)
     LUT6:I2->O            3   0.097   0.628  ALU20/FA/Cout1 (CO<19>)
     LUT6:I2->O            3   0.097   0.628  ALU22/FA/Cout1 (CO<21>)
     LUT6:I2->O            3   0.097   0.628  ALU24/FA/Cout1 (CO<23>)
     LUT6:I2->O            3   0.097   0.628  ALU26/FA/Cout1 (CO<25>)
     LUT6:I2->O            3   0.097   0.628  ALU28/FA/Cout1 (CO<27>)
     LUT6:I2->O            2   0.097   0.576  ALU30/FA/Cout1 (CO<29>)
     LUT5:I2->O            4   0.097   0.588  ALU31/FA/Cout1 (CO<30>)
     LUT6:I3->O            2   0.097   0.360  ALU32/MX41/Mmux_ou_bus0_MUX_9_o11 (dataout_31_OBUF)
     LUT6:I5->O            1   0.097   0.616  zflag<31>6 (zflag<31>5)
     LUT4:I0->O            1   0.097   0.339  zflag<31>7 (zflag_OBUF)
     OBUF:I->O                 0.000          zflag_OBUF (zflag)
    ----------------------------------------
    Total                     13.993ns (1.844ns logic, 12.149ns route)
                                       (13.2% logic, 86.8% route)

=========================================================================

Cross Clock Domains Report:
--------------------------

=========================================================================


Total REAL time to Xst completion: 31.00 secs
Total CPU time to Xst completion: 31.22 secs
 
--> 

Total memory usage is 873988 kilobytes

Number of errors   :    0 (   0 filtered)
Number of warnings :    7 (   0 filtered)
Number of infos    :    0 (   0 filtered)

